2023-04-04 13:32:08,821 INFO autoreload Watching for file changes with StatReloader
2023-04-04 13:32:17,486 INFO basehttp "POST /admin/logout/ HTTP/1.1" 200 1549
2023-04-04 13:33:29,465 INFO autoreload C:\Users\TASMaster\projects\Skillfactory\7_Django\News-portal\NewsPaper\NewsPaper\settings.py changed, reloading.
2023-04-04 13:33:30,087 INFO autoreload Watching for file changes with StatReloader
2023-04-04 13:33:34,957 INFO basehttp "POST /admin/logout/ HTTP/1.1" 302 0
2023-04-04 13:33:34,972 INFO basehttp "GET /admin/ HTTP/1.1" 302 0
2023-04-04 13:33:34,993 INFO basehttp "GET /admin/login/?next=/admin/ HTTP/1.1" 200 2218
2023-04-04 13:33:40,790 INFO basehttp "POST /admin/login/?next=/admin/ HTTP/1.1" 302 0
2023-04-04 13:33:40,821 INFO basehttp "GET /admin/ HTTP/1.1" 200 12266
2023-04-04 13:35:46,437 INFO autoreload C:\Users\TASMaster\projects\Skillfactory\7_Django\News-portal\NewsPaper\NewsPaper\settings.py changed, reloading.
2023-04-04 13:35:47,054 INFO autoreload Watching for file changes with StatReloader
2023-04-04 13:35:53,857 INFO basehttp "POST /admin/logout/ HTTP/1.1" 200 1549
2023-04-04 13:37:46,812 INFO autoreload C:\Users\TASMaster\projects\Skillfactory\7_Django\News-portal\NewsPaper\NewsPaper\settings.py changed, reloading.
2023-04-04 13:37:47,449 INFO autoreload Watching for file changes with StatReloader
2023-04-04 13:37:52,107 INFO basehttp "POST /admin/logout/ HTTP/1.1" 302 0
2023-04-04 13:37:52,122 INFO basehttp "GET /admin/ HTTP/1.1" 302 0
2023-04-04 13:37:52,144 INFO basehttp "GET /admin/login/?next=/admin/ HTTP/1.1" 200 2218
2023-04-04 13:38:05,707 INFO basehttp "POST /admin/login/?next=/admin/ HTTP/1.1" 302 0
2023-04-04 13:38:05,749 INFO basehttp "GET /admin/ HTTP/1.1" 200 12266
2023-04-04 13:38:25,996 INFO autoreload C:\Users\TASMaster\projects\Skillfactory\7_Django\News-portal\NewsPaper\NewsPaper\settings.py changed, reloading.
2023-04-04 13:38:26,565 INFO autoreload Watching for file changes with StatReloader
2023-04-04 13:38:29,715 INFO basehttp "GET /admin/ HTTP/1.1" 200 12266
2023-04-04 13:38:31,874 INFO basehttp "GET /admin/ HTTP/1.1" 200 12266
2023-04-04 13:38:35,199 INFO basehttp "POST /admin/logout/ HTTP/1.1" 200 1549
2023-04-04 13:38:38,636 INFO basehttp "GET /admin/ HTTP/1.1" 302 0
2023-04-04 13:38:38,653 INFO basehttp "GET /admin/login/?next=/admin/ HTTP/1.1" 200 2218
2023-04-04 13:38:43,279 INFO basehttp "POST /admin/login/?next=/admin/ HTTP/1.1" 302 0
2023-04-04 13:38:43,307 INFO basehttp "GET /admin/ HTTP/1.1" 200 12266
2023-04-04 13:44:36,366 INFO autoreload C:\Users\TASMaster\projects\Skillfactory\7_Django\News-portal\NewsPaper\NewsPaper\settings.py changed, reloading.
2023-04-04 13:45:16,507 INFO autoreload Watching for file changes with StatReloader
2023-04-04 13:45:21,759 INFO basehttp "GET /admin/ HTTP/1.1" 200 12266
2023-04-04 13:46:30,132 INFO autoreload C:\Users\TASMaster\projects\Skillfactory\7_Django\News-portal\NewsPaper\NewsPaper\settings.py changed, reloading.
2023-04-04 13:46:30,877 INFO autoreload Watching for file changes with StatReloader
2023-04-04 13:46:58,056 INFO basehttp "POST /admin/logout/ HTTP/1.1" 200 1549
2023-04-04 13:46:59,465 INFO basehttp "GET /admin/ HTTP/1.1" 302 0
2023-04-04 13:46:59,481 INFO basehttp "GET /admin/login/?next=/admin/ HTTP/1.1" 200 2218
2023-04-04 13:47:02,226 INFO basehttp "POST /admin/login/?next=/admin/ HTTP/1.1" 200 2379
2023-04-04 13:47:18,204 INFO basehttp "POST /admin/login/?next=/admin/ HTTP/1.1" 200 2379
2023-04-04 13:47:19,445 INFO basehttp "POST /admin/login/?next=/admin/ HTTP/1.1" 302 0
2023-04-04 13:47:19,469 INFO basehttp "GET /admin/ HTTP/1.1" 200 12266
2023-04-04 13:47:31,092 INFO autoreload C:\Users\TASMaster\projects\Skillfactory\7_Django\News-portal\NewsPaper\NewsPaper\settings.py changed, reloading.
2023-04-04 13:54:45,147 INFO autoreload Watching for file changes with StatReloader
2023-04-04 13:54:50,645 ERROR exception Invalid HTTP_HOST header: '127.0.0.1:8000'. You may need to add '127.0.0.1' to ALLOWED_HOSTS.
Traceback (most recent call last):
  File "C:\Users\TASMaster\projects\Skillfactory\7_Django\News-portal\venv\lib\site-packages\django\core\handlers\exception.py", line 55, in inner
    response = get_response(request)
  File "C:\Users\TASMaster\projects\Skillfactory\7_Django\News-portal\venv\lib\site-packages\django\utils\deprecation.py", line 135, in __call__
    response = self.process_request(request)
  File "C:\Users\TASMaster\projects\Skillfactory\7_Django\News-portal\venv\lib\site-packages\django\middleware\common.py", line 48, in process_request
    host = request.get_host()
  File "C:\Users\TASMaster\projects\Skillfactory\7_Django\News-portal\venv\lib\site-packages\django\http\request.py", line 148, in get_host
    raise DisallowedHost(msg)
django.core.exceptions.DisallowedHost: Invalid HTTP_HOST header: '127.0.0.1:8000'. You may need to add '127.0.0.1' to ALLOWED_HOSTS.
2023-04-04 13:54:50,675 WARNING log Bad Request: /admin/
2023-04-04 13:54:50,698 WARNING basehttp "GET /admin/ HTTP/1.1" 400 143
2023-04-04 13:54:52,617 ERROR exception Invalid HTTP_HOST header: '127.0.0.1:8000'. You may need to add '127.0.0.1' to ALLOWED_HOSTS.
Traceback (most recent call last):
  File "C:\Users\TASMaster\projects\Skillfactory\7_Django\News-portal\venv\lib\site-packages\django\core\handlers\exception.py", line 55, in inner
    response = get_response(request)
  File "C:\Users\TASMaster\projects\Skillfactory\7_Django\News-portal\venv\lib\site-packages\django\utils\deprecation.py", line 135, in __call__
    response = self.process_request(request)
  File "C:\Users\TASMaster\projects\Skillfactory\7_Django\News-portal\venv\lib\site-packages\django\middleware\common.py", line 48, in process_request
    host = request.get_host()
  File "C:\Users\TASMaster\projects\Skillfactory\7_Django\News-portal\venv\lib\site-packages\django\http\request.py", line 148, in get_host
    raise DisallowedHost(msg)
django.core.exceptions.DisallowedHost: Invalid HTTP_HOST header: '127.0.0.1:8000'. You may need to add '127.0.0.1' to ALLOWED_HOSTS.
2023-04-04 13:54:52,617 WARNING log Bad Request: /admin/
2023-04-04 13:54:52,625 WARNING basehttp "GET /admin/ HTTP/1.1" 400 143
2023-04-04 13:54:57,371 ERROR exception Invalid HTTP_HOST header: '127.0.0.1:8000'. You may need to add '127.0.0.1' to ALLOWED_HOSTS.
Traceback (most recent call last):
  File "C:\Users\TASMaster\projects\Skillfactory\7_Django\News-portal\venv\lib\site-packages\django\core\handlers\exception.py", line 55, in inner
    response = get_response(request)
  File "C:\Users\TASMaster\projects\Skillfactory\7_Django\News-portal\venv\lib\site-packages\django\utils\deprecation.py", line 135, in __call__
    response = self.process_request(request)
  File "C:\Users\TASMaster\projects\Skillfactory\7_Django\News-portal\venv\lib\site-packages\django\middleware\common.py", line 48, in process_request
    host = request.get_host()
  File "C:\Users\TASMaster\projects\Skillfactory\7_Django\News-portal\venv\lib\site-packages\django\http\request.py", line 148, in get_host
    raise DisallowedHost(msg)
django.core.exceptions.DisallowedHost: Invalid HTTP_HOST header: '127.0.0.1:8000'. You may need to add '127.0.0.1' to ALLOWED_HOSTS.
2023-04-04 13:54:57,372 WARNING log Bad Request: /
2023-04-04 13:54:57,381 WARNING basehttp "GET / HTTP/1.1" 400 143
2023-04-04 13:56:17,076 INFO autoreload C:\Users\TASMaster\projects\Skillfactory\7_Django\News-portal\NewsPaper\NewsPaper\settings.py changed, reloading.
2023-04-04 13:56:17,762 INFO autoreload Watching for file changes with StatReloader
2023-04-04 13:57:03,540 INFO autoreload C:\Users\TASMaster\projects\Skillfactory\7_Django\News-portal\NewsPaper\NewsPaper\settings.py changed, reloading.
2023-04-04 13:57:04,157 INFO autoreload Watching for file changes with StatReloader
2023-04-04 13:57:05,483 WARNING log Not Found: /
2023-04-04 13:57:05,504 WARNING basehttp "GET / HTTP/1.1" 404 179
2023-04-04 13:57:46,819 INFO autoreload C:\Users\TASMaster\projects\Skillfactory\7_Django\News-portal\NewsPaper\NewsPaper\settings.py changed, reloading.
